Дата и время вызова: 12.01.2023 22:45:14, Название функции: hello_world, Аргументы: () и {}, Возвращаемое значение: Hello World
Дата и время вызова: 12.01.2023 22:45:14, Название функции: summator, Аргументы: (2, 2) и {}, Возвращаемое значение: 4
Дата и время вызова: 12.01.2023 22:45:14, Название функции: div, Аргументы: (6, 2) и {}, Возвращаемое значение: 3.0
Дата и время вызова: 12.01.2023 22:45:14, Название функции: summator, Аргументы: (4.3,) и {'b': 2.2}, Возвращаемое значение: 6.5
Дата и время вызова: 12.01.2023 22:45:14, Название функции: summator, Аргументы: () и {'a': 0, 'b': 0}, Возвращаемое значение: 0
Дата и время вызова: 12.01.2023 23:29:23, Имя функции: list_flattener, Аргументы: (['a'],) и {}, Возвращаемое значение: ['a']
Дата и время вызова: 12.01.2023 23:29:23, Имя функции: list_flattener, Аргументы: (['b', 'c'],) и {}, Возвращаемое значение: ['b', 'c']
Дата и время вызова: 12.01.2023 23:29:23, Имя функции: list_flattener, Аргументы: ([['a'], ['b', 'c']],) и {}, Возвращаемое значение: ['a', 'b', 'c']
Дата и время вызова: 12.01.2023 23:29:23, Имя функции: list_flattener, Аргументы: (['f'],) и {}, Возвращаемое значение: ['f']
Дата и время вызова: 12.01.2023 23:29:23, Имя функции: list_flattener, Аргументы: ([['f'], 'h'],) и {}, Возвращаемое значение: ['f', 'h']
Дата и время вызова: 12.01.2023 23:29:23, Имя функции: list_flattener, Аргументы: (['d', 'e', [['f'], 'h'], False],) и {}, Возвращаемое значение: ['d', 'e', 'f', 'h', False]
Дата и время вызова: 12.01.2023 23:29:23, Имя функции: list_flattener, Аргументы: (['!'],) и {}, Возвращаемое значение: ['!']
Дата и время вызова: 12.01.2023 23:29:23, Имя функции: list_flattener, Аргументы: ([['!']],) и {}, Возвращаемое значение: ['!']
Дата и время вызова: 12.01.2023 23:29:23, Имя функции: list_flattener, Аргументы: ([[['!']]],) и {}, Возвращаемое значение: ['!']
Дата и время вызова: 12.01.2023 23:29:23, Имя функции: list_flattener, Аргументы: ([[[['!']]]],) и {}, Возвращаемое значение: ['!']
Дата и время вызова: 12.01.2023 23:29:23, Имя функции: list_flattener, Аргументы: ([[[[['!']]]]],) и {}, Возвращаемое значение: ['!']
Дата и время вызова: 12.01.2023 23:29:23, Имя функции: list_flattener, Аргументы: ([],) и {}, Возвращаемое значение: []
Дата и время вызова: 12.01.2023 23:29:23, Имя функции: list_flattener, Аргументы: ([1, 2, None, [[[[['!']]]]], []],) и {}, Возвращаемое значение: [1, 2, None, '!']
Дата и время вызова: 12.01.2023 23:29:23, Имя функции: list_flattener, Аргументы: ([[['a'], ['b', 'c']], ['d', 'e', [['f'], 'h'], False], [1, 2, None, [[[[['!']]]]], []]],) и {}, Возвращаемое значение: ['a', 'b', 'c', 'd', 'e', 'f', 'h', False, 1, 2, None, '!']
Дата и время вызова: 12.01.2023 23:29:23, Имя функции: list_flattener, Аргументы: (['a'],) и {}, Возвращаемое значение: ['a']
Дата и время вызова: 12.01.2023 23:29:23, Имя функции: list_flattener, Аргументы: (['b', 'c'],) и {}, Возвращаемое значение: ['b', 'c']
Дата и время вызова: 12.01.2023 23:29:23, Имя функции: list_flattener, Аргументы: ([['a'], ['b', 'c']],) и {}, Возвращаемое значение: ['a', 'b', 'c']
Дата и время вызова: 12.01.2023 23:29:23, Имя функции: list_flattener, Аргументы: (['f'],) и {}, Возвращаемое значение: ['f']
Дата и время вызова: 12.01.2023 23:29:23, Имя функции: list_flattener, Аргументы: ([['f'], 'h'],) и {}, Возвращаемое значение: ['f', 'h']
Дата и время вызова: 12.01.2023 23:29:23, Имя функции: list_flattener, Аргументы: (['d', 'e', [['f'], 'h'], False],) и {}, Возвращаемое значение: ['d', 'e', 'f', 'h', False]
Дата и время вызова: 12.01.2023 23:29:23, Имя функции: list_flattener, Аргументы: (['!'],) и {}, Возвращаемое значение: ['!']
Дата и время вызова: 12.01.2023 23:29:23, Имя функции: list_flattener, Аргументы: ([['!']],) и {}, Возвращаемое значение: ['!']
Дата и время вызова: 12.01.2023 23:29:23, Имя функции: list_flattener, Аргументы: ([[['!']]],) и {}, Возвращаемое значение: ['!']
Дата и время вызова: 12.01.2023 23:29:23, Имя функции: list_flattener, Аргументы: ([[[['!']]]],) и {}, Возвращаемое значение: ['!']
Дата и время вызова: 12.01.2023 23:29:23, Имя функции: list_flattener, Аргументы: ([[[[['!']]]]],) и {}, Возвращаемое значение: ['!']
Дата и время вызова: 12.01.2023 23:29:23, Имя функции: list_flattener, Аргументы: ([],) и {}, Возвращаемое значение: []
Дата и время вызова: 12.01.2023 23:29:23, Имя функции: list_flattener, Аргументы: ([1, 2, None, [[[[['!']]]]], []],) и {}, Возвращаемое значение: [1, 2, None, '!']
Дата и время вызова: 12.01.2023 23:29:23, Имя функции: list_flattener, Аргументы: ([[['a'], ['b', 'c']], ['d', 'e', [['f'], 'h'], False], [1, 2, None, [[[[['!']]]]], []]],) и {}, Возвращаемое значение: ['a', 'b', 'c', 'd', 'e', 'f', 'h', False, 1, 2, None, '!']
